<?xml version="1.0" encoding="UTF-8"?>
<!-- Generated by org.testng.reporters.JUnitReportReporter -->
<testsuite skipped="0" hostname="LAPTOP-RVDMUTME" name="com.qa.EmployeeAPI.AppTest" tests="1" failures="0" timestamp="10 Feb 2020 19:45:03 GMT" time="0.002" errors="0">
  <testcase name="testApp" time="0.002" classname="com.qa.EmployeeAPI.AppTest"/>
</testsuite> <!-- com.qa.EmployeeAPI.AppTest -->
